build/app/intermediates/manifest_merge_blame_file/release/manifest-merger-blame-release-report.txt
1<?xml version="1.0" encoding="utf-8"?>
2<manifest xmlns:android="http://schemas.android.com/apk/res/android"
3    package="com.example.camera_sqlite"
4    android:versionCode="1"
5    android:versionName="1.0.0" >
6
7    <uses-sdk
8        android:minSdkVersion="21"
8-->src\main\AndroidManifest.xml
9        android:targetSdkVersion="28" />
9-->src\main\AndroidManifest.xml
10
11    <uses-permission android:name="android.permission.WRITE_EXTERNAL_STORAGE" />
11-->src\main\AndroidManifest.xml:2:2-78
11-->src\main\AndroidManifest.xml:2:19-75
12    <uses-permission android:name="android.permission.READ_EXTERNAL_STORAGE" />
12-->src\main\AndroidManifest.xml:3:2-77
12-->src\main\AndroidManifest.xml:3:19-74
13    <uses-permission android:name="android.permission.CAMERA" />
13-->[:camera] AndroidManifest.xml:7:5-65
13-->[:camera] AndroidManifest.xml:7:22-62
14    <uses-permission android:name="android.permission.RECORD_AUDIO" />
14-->[:camera] AndroidManifest.xml:8:5-71
14-->[:camera] AndroidManifest.xml:8:22-68
15
16    <application
16-->src\main\AndroidManifest.xml:4:2-12:16
17        android:name="io.flutter.app.FlutterApplication"
17-->src\main\AndroidManifest.xml:4:15-63
18        android:appComponentFactory="androidx.core.app.CoreComponentFactory"
18-->[androidx.core:core:1.0.2] AndroidManifest.xml:22:18-86
19        android:icon="@mipmap/ic_launcher"
19-->src\main\AndroidManifest.xml:4:94-128
20        android:label="camera_sqlite" >
20-->src\main\AndroidManifest.xml:4:64-93
21        <activity
21-->src\main\AndroidManifest.xml:5:3-10:14
22            android:name="com.example.camera_sqlite.MainActivity"
22-->src\main\AndroidManifest.xml:5:13-41
23            android:configChanges="orientation|keyboardHidden|keyboard|screenSize|smallestScreenSize|locale|layoutDirection|fontScale|screenLayout|density|uiMode"
23-->src\main\AndroidManifest.xml:5:108-258
24            android:hardwareAccelerated="true"
24-->src\main\AndroidManifest.xml:5:259-293
25            android:launchMode="singleTop"
25-->src\main\AndroidManifest.xml:5:42-72
26            android:theme="@style/LaunchTheme"
26-->src\main\AndroidManifest.xml:5:73-107
27            android:windowSoftInputMode="adjustResize" >
27-->src\main\AndroidManifest.xml:5:294-336
28            <intent-filter>
28-->src\main\AndroidManifest.xml:6:4-9:20
29                <action android:name="android.intent.action.MAIN" />
29-->src\main\AndroidManifest.xml:7:5-57
29-->src\main\AndroidManifest.xml:7:13-54
30
31                <category android:name="android.intent.category.LAUNCHER" />
31-->src\main\AndroidManifest.xml:8:5-65
31-->src\main\AndroidManifest.xml:8:15-62
32            </intent-filter>
33        </activity>
34
35        <meta-data
35-->src\main\AndroidManifest.xml:11:3-66
36            android:name="flutterEmbedding"
36-->src\main\AndroidManifest.xml:11:14-45
37            android:value="2" />
37-->src\main\AndroidManifest.xml:11:46-63
38
39        <provider
39-->[:image_picker] AndroidManifest.xml:11:9-19:20
40            android:name="io.flutter.plugins.imagepicker.ImagePickerFileProvider"
40-->[:image_picker] AndroidManifest.xml:12:13-82
41            android:authorities="com.example.camera_sqlite.flutter.image_provider"
41-->[:image_picker] AndroidManifest.xml:13:13-74
42            android:exported="false"
42-->[:image_picker] AndroidManifest.xml:14:13-37
43            android:grantUriPermissions="true" >
43-->[:image_picker] AndroidManifest.xml:15:13-47
44            <meta-data
44-->[:image_picker] AndroidManifest.xml:16:13-18:75
45                android:name="android.support.FILE_PROVIDER_PATHS"
45-->[:image_picker] AndroidManifest.xml:17:17-67
46                android:resource="@xml/flutter_image_picker_file_paths" />
46-->[:image_picker] AndroidManifest.xml:18:17-72
47        </provider>
48    </application>
49
50</manifest>